<?xml version="1.0" encoding="UTF-8"?>
<!-- Generated by org.testng.reporters.JUnitReportReporter -->
<testsuite skipped="0" hostname="LAPTOP-4DPQMBAO" name="com.crm.qa.testcases.LoginPageTest" tests="2" failures="0" timestamp="10 Jun 2020 22:09:52 GMT" time="20.644" errors="0">
  <testcase name="loginTest" time="13.227" classname="com.crm.qa.testcases.LoginPageTest"/>
  <testcase name="loginPageTitleTest" time="7.417" classname="com.crm.qa.testcases.LoginPageTest"/>
</testsuite> <!-- com.crm.qa.testcases.LoginPageTest -->
