<?xml version="1.0" encoding="UTF-8"?>
<!-- Generated by org.testng.reporters.JUnitReportReporter -->
<testsuite skipped="0" hostname="LAPTOP-4DPQMBAO" name="com.crm.qa.testcases.HomePageTest" tests="1" failures="0" timestamp="07 Jun 2020 20:06:55 GMT" time="12.152" errors="0">
  <testcase name="validateHomePageTitleTest" time="12.152" classname="com.crm.qa.testcases.HomePageTest"/>
</testsuite> <!-- com.crm.qa.testcases.HomePageTest -->
